This file contains any messages produced by compilers while
running configure, to aid debugging if configure makes a mistake.

It was created by opentsdb configure 2.0.0, which was
generated by GNU Autoconf 2.63.  Invocation command line was

  $ ../configure --no-create --no-recursion

## --------- ##
## Platform. ##
## --------- ##

hostname = ymshbase-02.ops.bf1.yahoo.com
uname -m = x86_64
uname -r = 2.6.32-358.6.2.el6.YAHOO.20130516.x86_64
uname -s = Linux
uname -v = #1 SMP Fri May 17 04:49:39 UTC 2013

/usr/bin/uname -p = unknown
/bin/uname -X     = unknown

/bin/arch              = x86_64
/usr/bin/arch -k       = unknown
/usr/convex/getsysinfo = unknown
/usr/bin/hostinfo      = unknown
/bin/machine           = unknown
/usr/bin/oslevel       = unknown
/bin/universe          = unknown

PATH: /home/y/bin64
PATH: /usr/lib64/qt-3.3/bin
PATH: /usr/local/bin
PATH: /bin
PATH: /usr/bin
PATH: /usr/local/sbin
PATH: /usr/sbin
PATH: /sbin
PATH: /home/y/share/gridjdk-current/bin
PATH: /home/y/share/hadoop/bin
PATH: /home/y/libexec/hbase/bin
PATH: /home/y/bin/pig/bin
PATH: /home/y/share/pig/bin


## ----------- ##
## Core tests. ##
## ----------- ##

configure:1795: checking for a BSD-compatible install
configure:1863: result: /usr/bin/install -c
configure:1874: checking whether build environment is sane
configure:1934: result: yes
configure:2075: checking for a thread-safe mkdir -p
configure:2114: result: /bin/mkdir -p
configure:2127: checking for gawk
configure:2143: found /bin/gawk
configure:2154: result: gawk
configure:2165: checking whether make sets $(MAKE)
configure:2187: result: yes
configure:2281: checking for md5sum
configure:2299: found /usr/bin/md5sum
configure:2311: result: /usr/bin/md5sum
configure:2335: checking for java
configure:2353: found /home/y/share/gridjdk-current/bin/java
configure:2365: result: /home/y/share/gridjdk-current/bin/java
configure:2386: checking for javac
configure:2404: found /home/y/share/gridjdk-current/bin/javac
configure:2416: result: /home/y/share/gridjdk-current/bin/javac
configure:2437: checking for jar
configure:2455: found /home/y/share/gridjdk-current/bin/jar
configure:2467: result: /home/y/share/gridjdk-current/bin/jar
configure:2488: checking for gnuplot
configure:2506: found /usr/bin/gnuplot
configure:2518: result: /usr/bin/gnuplot
configure:2537: checking for javadoc
configure:2555: found /home/y/share/gridjdk-current/bin/javadoc
configure:2567: result: /home/y/share/gridjdk-current/bin/javadoc
configure:2582: checking for wget
configure:2600: found /usr/bin/wget
configure:2612: result: /usr/bin/wget
configure:2622: checking for curl
configure:2640: found /usr/bin/curl
configure:2652: result: /usr/bin/curl
configure:2809: creating ./config.status

## ---------------- ##
## Cache variables. ##
## ---------------- ##

ac_cv_env_build_alias_set=
ac_cv_env_build_alias_value=
ac_cv_env_host_alias_set=
ac_cv_env_host_alias_value=
ac_cv_env_target_alias_set=
ac_cv_env_target_alias_value=
ac_cv_path_CURL=/usr/bin/curl
ac_cv_path_GNUPLOT=/usr/bin/gnuplot
ac_cv_path_JAR=/home/y/share/gridjdk-current/bin/jar
ac_cv_path_JAVA=/home/y/share/gridjdk-current/bin/java
ac_cv_path_JAVAC=/home/y/share/gridjdk-current/bin/javac
ac_cv_path_JAVADOC=/home/y/share/gridjdk-current/bin/javadoc
ac_cv_path_MD5=/usr/bin/md5sum
ac_cv_path_WGET=/usr/bin/wget
ac_cv_path_install='/usr/bin/install -c'
ac_cv_path_mkdir=/bin/mkdir
ac_cv_prog_AWK=gawk
ac_cv_prog_make_make_set=yes

## ----------------- ##
## Output variables. ##
## ----------------- ##

ACLOCAL='${SHELL} /grid/0/tmp/opentsdb2_rb/opentsdb/build-aux/missing --run aclocal-1.11'
AMTAR='${SHELL} /grid/0/tmp/opentsdb2_rb/opentsdb/build-aux/missing --run tar'
AUTOCONF='${SHELL} /grid/0/tmp/opentsdb2_rb/opentsdb/build-aux/missing --run autoconf'
AUTOHEADER='${SHELL} /grid/0/tmp/opentsdb2_rb/opentsdb/build-aux/missing --run autoheader'
AUTOMAKE='${SHELL} /grid/0/tmp/opentsdb2_rb/opentsdb/build-aux/missing --run automake-1.11'
AWK='gawk'
CURL='/usr/bin/curl'
CYGPATH_W='echo'
DEFS='-DPACKAGE_NAME=\"opentsdb\" -DPACKAGE_TARNAME=\"opentsdb\" -DPACKAGE_VERSION=\"2.0.0\" -DPACKAGE_STRING=\"opentsdb\ 2.0.0\" -DPACKAGE_BUGREPORT=\"opentsdb@googlegroups.com\" -DPACKAGE=\"opentsdb\" -DVERSION=\"2.0.0\"'
ECHO_C=''
ECHO_N='-n'
ECHO_T=''
GNUPLOT='/usr/bin/gnuplot'
INSTALL_DATA='${INSTALL} -m 644'
INSTALL_PROGRAM='${INSTALL}'
INSTALL_SCRIPT='${INSTALL}'
INSTALL_STRIP_PROGRAM='$(install_sh) -c -s'
JAR='/home/y/share/gridjdk-current/bin/jar'
JAVA='/home/y/share/gridjdk-current/bin/java'
JAVAC='/home/y/share/gridjdk-current/bin/javac'
JAVADOC='/home/y/share/gridjdk-current/bin/javadoc'
LIBOBJS=''
LIBS=''
LTLIBOBJS=''
MAKEINFO='${SHELL} /grid/0/tmp/opentsdb2_rb/opentsdb/build-aux/missing --run makeinfo'
MD5='/usr/bin/md5sum'
MKDIR_P='/bin/mkdir -p'
PACKAGE='opentsdb'
PACKAGE_BUGREPORT='opentsdb@googlegroups.com'
PACKAGE_NAME='opentsdb'
PACKAGE_STRING='opentsdb 2.0.0'
PACKAGE_TARNAME='opentsdb'
PACKAGE_VERSION='2.0.0'
PATH_SEPARATOR=':'
SET_MAKE=''
SHELL='/bin/sh'
STRIP=''
VERSION='2.0.0'
WGET='/usr/bin/wget'
am__isrc=' -I$(srcdir)'
am__leading_dot='.'
am__tar='${AMTAR} chof - "$$tardir"'
am__untar='${AMTAR} xf -'
bindir='${exec_prefix}/bin'
build_alias=''
datadir='${datarootdir}'
datarootdir='${prefix}/share'
docdir='${datarootdir}/doc/${PACKAGE_TARNAME}'
dvidir='${docdir}'
exec_prefix='${prefix}'
host_alias=''
htmldir='${docdir}'
includedir='${prefix}/include'
infodir='${datarootdir}/info'
install_sh='${SHELL} /grid/0/tmp/opentsdb2_rb/opentsdb/build-aux/install-sh'
libdir='${exec_prefix}/lib'
libexecdir='${exec_prefix}/libexec'
localedir='${datarootdir}/locale'
localstatedir='${prefix}/var'
mandir='${datarootdir}/man'
mkdir_p='/bin/mkdir -p'
oldincludedir='/usr/include'
pdfdir='${docdir}'
prefix='/usr/local'
program_transform_name='s,x,x,'
psdir='${docdir}'
sbindir='${exec_prefix}/sbin'
sharedstatedir='${prefix}/com'
staticdir='${pkgdatadir}/static'
sysconfdir='${prefix}/etc'
target_alias=''

## ----------- ##
## confdefs.h. ##
## ----------- ##

#define PACKAGE_NAME "opentsdb"
#define PACKAGE_TARNAME "opentsdb"
#define PACKAGE_VERSION "2.0.0"
#define PACKAGE_STRING "opentsdb 2.0.0"
#define PACKAGE_BUGREPORT "opentsdb@googlegroups.com"
#define PACKAGE "opentsdb"
#define VERSION "2.0.0"

configure: exit 0

## ---------------------- ##
## Running config.status. ##
## ---------------------- ##

This file was extended by opentsdb config.status 2.0.0, which was
generated by GNU Autoconf 2.63.  Invocation command line was

  CONFIG_FILES    = 
  CONFIG_HEADERS  = 
  CONFIG_LINKS    = 
  CONFIG_COMMANDS = 
  $ ./config.status 

on ymshbase-02.ops.bf1.yahoo.com

config.status:671: creating Makefile
config.status:671: creating opentsdb.spec
config.status:671: creating build-aux/fetchdep.sh

## ---------------------- ##
## Running config.status. ##
## ---------------------- ##

This file was extended by opentsdb config.status 2.0.0, which was
generated by GNU Autoconf 2.63.  Invocation command line was

  CONFIG_FILES    = 
  CONFIG_HEADERS  = 
  CONFIG_LINKS    = 
  CONFIG_COMMANDS = 
  $ ./config.status Makefile

on ymshbase-02.ops.bf1.yahoo.com

config.status:671: creating Makefile
